

================================================================
== Vivado HLS Report for 'toGray'
================================================================
* Date:           Fri Jun 26 19:31:16 2015

* Version:        2014.4 (Build 1071461 on Tue Nov 18 16:42:57 PM 2014)
* Project:        grayScale_IP
* Solution:       solution1
* Product family: zynq
* Target device:  xc7z020clg484-1


================================================================
== Performance Estimates
================================================================
+ Timing (ns): 
    * Summary: 
    +---------+-------+----------+------------+
    |  Clock  | Target| Estimated| Uncertainty|
    +---------+-------+----------+------------+
    |default  |  10.00|      8.71|        1.25|
    +---------+-------+----------+------------+

+ Latency (clock cycles): 
    * Summary: 
    +-----+----------+-----+----------+----------+
    |     Latency    |    Interval    | Pipeline |
    | min |    max   | min |    max   |   Type   |
    +-----+----------+-----+----------+----------+
    |  554|  16785959|  554|  16785959| dataflow |
    +-----+----------+-----+----------+----------+

    + Detail: 
        * Instance: 
        +------------------------------------------------+-------------------------------------+-----+----------+-----+----------+---------+
        |                                                |                                     |     Latency    |    Interval    | Pipeline|
        |                    Instance                    |                Module               | min |    max   | min |    max   |   Type  |
        +------------------------------------------------+-------------------------------------+-----+----------+-----+----------+---------+
        |call_ret_toGray_Block_proc_fu_215               |toGray_Block_proc                    |    0|         0|    0|         0|   none  |
        |grp_toGray_AXIvideo2Mat_fu_161                  |toGray_AXIvideo2Mat                  |    3|   2077923|    3|   2077923|   none  |
        |grp_toGray_CvtColor_fu_184                      |toGray_CvtColor                      |    1|   2080081|    1|   2080081|   none  |
        |grp_toGray_Equalize_fu_151                      |toGray_Equalize                      |  553|  16785958|  553|  16785958|   none  |
        |grp_toGray_Mat2AXIvideo_8_1080_1920_0_s_fu_194  |toGray_Mat2AXIvideo_8_1080_1920_0_s  |    1|   2076841|    1|   2076841|   none  |
        +------------------------------------------------+-------------------------------------+-----+----------+-----+----------+---------+

        * Loop: 
        N/A



================================================================
== Utilization Estimates
================================================================
* Summary: 
+-----------------+---------+-------+--------+-------+
|       Name      | BRAM_18K| DSP48E|   FF   |  LUT  |
+-----------------+---------+-------+--------+-------+
|Expression       |        -|      -|       0|      4|
|FIFO             |        0|      -|      65|    292|
|Instance         |        3|      7|    2773|   4973|
|Memory           |        -|      -|       -|      -|
|Multiplexer      |        -|      -|       -|     16|
|Register         |        -|      -|      14|      -|
+-----------------+---------+-------+--------+-------+
|Total            |        3|      7|    2852|   5285|
+-----------------+---------+-------+--------+-------+
|Available        |      280|    220|  106400|  53200|
+-----------------+---------+-------+--------+-------+
|Utilization (%)  |        1|      3|       2|      9|
+-----------------+---------+-------+--------+-------+

+ Detail: 
    * Instance: 
    +--------------------------------------+-------------------------------------+---------+-------+------+------+
    |               Instance               |                Module               | BRAM_18K| DSP48E|  FF  |  LUT |
    +--------------------------------------+-------------------------------------+---------+-------+------+------+
    |toGray_AXIvideo2Mat_U0                |toGray_AXIvideo2Mat                  |        0|      0|   200|   243|
    |toGray_Block_proc_U0                  |toGray_Block_proc                    |        0|      0|    98|    97|
    |toGray_CvtColor_U0                    |toGray_CvtColor                      |        0|      3|   140|   100|
    |toGray_Equalize_U0                    |toGray_Equalize                      |        3|      4|  2275|  4424|
    |toGray_Mat2AXIvideo_8_1080_1920_0_U0  |toGray_Mat2AXIvideo_8_1080_1920_0_s  |        0|      0|    60|   109|
    +--------------------------------------+-------------------------------------+---------+-------+------+------+
    |Total                                 |                                     |        3|      7|  2773|  4973|
    +--------------------------------------+-------------------------------------+---------+-------+------+------+

    * Memory: 
    N/A

    * FIFO: 
    +---------------------------+---------+---+----+------+-----+---------+
    |            Name           | BRAM_18K| FF| LUT| Depth| Bits| Size:D*B|
    +---------------------------+---------+---+----+------+-----+---------+
    |grayMat_cols_V_U           |        0|  5|  24|     2|   12|       24|
    |grayMat_data_stream_0_V_U  |        0|  5|  20|     1|    8|        8|
    |grayMat_rows_V_U           |        0|  5|  24|     2|   12|       24|
    |inMat_cols_V_channel1_U    |        0|  5|  24|     2|   12|       24|
    |inMat_cols_V_channel_U     |        0|  5|  24|     2|   12|       24|
    |inMat_data_stream_0_V_U    |        0|  5|  20|     1|    8|        8|
    |inMat_data_stream_1_V_U    |        0|  5|  20|     1|    8|        8|
    |inMat_data_stream_2_V_U    |        0|  5|  20|     1|    8|        8|
    |inMat_rows_V_channel1_U    |        0|  5|  24|     2|   12|       24|
    |inMat_rows_V_channel_U     |        0|  5|  24|     2|   12|       24|
    |outMat_cols_V_U            |        0|  5|  24|     2|   12|       24|
    |outMat_data_stream_0_V_U   |        0|  5|  20|     1|    8|        8|
    |outMat_rows_V_U            |        0|  5|  24|     2|   12|       24|
    +---------------------------+---------+---+----+------+-----+---------+
    |Total                      |        0| 65| 292|    21|  136|      232|
    +---------------------------+---------+---+----+------+-----+---------+

    * Expression: 
    +-----------------------------------------------+----------+-------+---+----+------------+------------+
    |                 Variable Name                 | Operation| DSP48E| FF| LUT| Bitwidth P0| Bitwidth P1|
    +-----------------------------------------------+----------+-------+---+----+------------+------------+
    |toGray_AXIvideo2Mat_U0_ap_start                |    and   |      0|  0|   1|           1|           1|
    |toGray_CvtColor_U0_ap_start                    |    and   |      0|  0|   1|           1|           1|
    |toGray_Equalize_U0_ap_start                    |    and   |      0|  0|   1|           1|           1|
    |toGray_Mat2AXIvideo_8_1080_1920_0_U0_ap_start  |    and   |      0|  0|   1|           1|           1|
    +-----------------------------------------------+----------+-------+---+----+------------+------------+
    |Total                                          |          |      0|  0|   4|           4|           4|
    +-----------------------------------------------+----------+-------+---+----+------------+------------+

    * Multiplexer: 
    +---------------------------------------------------------+----+-----------+-----+-----------+
    |                           Name                          | LUT| Input Size| Bits| Total Bits|
    +---------------------------------------------------------+----+-----------+-----+-----------+
    |ap_chn_write_toGray_Block_proc_U0_grayMat_cols_V         |   1|          2|    1|          2|
    |ap_chn_write_toGray_Block_proc_U0_grayMat_rows_V         |   1|          2|    1|          2|
    |ap_chn_write_toGray_Block_proc_U0_inMat_cols_V_channel   |   1|          2|    1|          2|
    |ap_chn_write_toGray_Block_proc_U0_inMat_cols_V_channel1  |   1|          2|    1|          2|
    |ap_chn_write_toGray_Block_proc_U0_inMat_rows_V_channel   |   1|          2|    1|          2|
    |ap_chn_write_toGray_Block_proc_U0_inMat_rows_V_channel1  |   1|          2|    1|          2|
    |ap_chn_write_toGray_Block_proc_U0_outMat_cols_V          |   1|          2|    1|          2|
    |ap_chn_write_toGray_Block_proc_U0_outMat_rows_V          |   1|          2|    1|          2|
    |ap_sig_ready_grayMat_cols_V_full_n                       |   1|          2|    1|          2|
    |ap_sig_ready_grayMat_rows_V_full_n                       |   1|          2|    1|          2|
    |ap_sig_ready_inMat_cols_V_channel1_full_n                |   1|          2|    1|          2|
    |ap_sig_ready_inMat_cols_V_channel_full_n                 |   1|          2|    1|          2|
    |ap_sig_ready_inMat_rows_V_channel1_full_n                |   1|          2|    1|          2|
    |ap_sig_ready_inMat_rows_V_channel_full_n                 |   1|          2|    1|          2|
    |ap_sig_ready_outMat_cols_V_full_n                        |   1|          2|    1|          2|
    |ap_sig_ready_outMat_rows_V_full_n                        |   1|          2|    1|          2|
    +---------------------------------------------------------+----+-----------+-----+-----------+
    |Total                                                    |  16|         32|   16|         32|
    +---------------------------------------------------------+----+-----------+-----+-----------+

    * Register: 
    +------------------------------------------------------+---+----+-----+-----------+
    |                         Name                         | FF| LUT| Bits| Const Bits|
    +------------------------------------------------------+---+----+-----+-----------+
    |ap_CS                                                 |  1|   0|    1|          0|
    |ap_reg_procdone_toGray_AXIvideo2Mat_U0                |  1|   0|    1|          0|
    |ap_reg_procdone_toGray_Block_proc_U0                  |  1|   0|    1|          0|
    |ap_reg_procdone_toGray_CvtColor_U0                    |  1|   0|    1|          0|
    |ap_reg_procdone_toGray_Equalize_U0                    |  1|   0|    1|          0|
    |ap_reg_procdone_toGray_Mat2AXIvideo_8_1080_1920_0_U0  |  1|   0|    1|          0|
    |ap_reg_ready_grayMat_cols_V_full_n                    |  1|   0|    1|          0|
    |ap_reg_ready_grayMat_rows_V_full_n                    |  1|   0|    1|          0|
    |ap_reg_ready_inMat_cols_V_channel1_full_n             |  1|   0|    1|          0|
    |ap_reg_ready_inMat_cols_V_channel_full_n              |  1|   0|    1|          0|
    |ap_reg_ready_inMat_rows_V_channel1_full_n             |  1|   0|    1|          0|
    |ap_reg_ready_inMat_rows_V_channel_full_n              |  1|   0|    1|          0|
    |ap_reg_ready_outMat_cols_V_full_n                     |  1|   0|    1|          0|
    |ap_reg_ready_outMat_rows_V_full_n                     |  1|   0|    1|          0|
    +------------------------------------------------------+---+----+-----+-----------+
    |Total                                                 | 14|   0|   14|          0|
    +------------------------------------------------------+---+----+-----+-----------+



================================================================
== Interface
================================================================
* Summary: 
+-------------------+-----+-----+------------+---------------------+--------------+
|     RTL Ports     | Dir | Bits|  Protocol  |    Source Object    |    C Type    |
+-------------------+-----+-----+------------+---------------------+--------------+
|IN_STREAM_TDATA    |  in |   24|    axis    |  IN_STREAM_V_data_V |    pointer   |
|IN_STREAM_TKEEP    |  in |    3|    axis    |  IN_STREAM_V_keep_V |    pointer   |
|IN_STREAM_TSTRB    |  in |    3|    axis    |  IN_STREAM_V_strb_V |    pointer   |
|IN_STREAM_TUSER    |  in |    1|    axis    |  IN_STREAM_V_user_V |    pointer   |
|IN_STREAM_TLAST    |  in |    1|    axis    |  IN_STREAM_V_last_V |    pointer   |
|IN_STREAM_TID      |  in |    1|    axis    |   IN_STREAM_V_id_V  |    pointer   |
|IN_STREAM_TDEST    |  in |    1|    axis    |  IN_STREAM_V_dest_V |    pointer   |
|IN_STREAM_TVALID   |  in |    1|    axis    |  IN_STREAM_V_dest_V |    pointer   |
|IN_STREAM_TREADY   | out |    1|    axis    |  IN_STREAM_V_dest_V |    pointer   |
|OUT_STREAM_TDATA   | out |    8|    axis    | OUT_STREAM_V_data_V |    pointer   |
|OUT_STREAM_TKEEP   | out |    1|    axis    | OUT_STREAM_V_keep_V |    pointer   |
|OUT_STREAM_TSTRB   | out |    1|    axis    | OUT_STREAM_V_strb_V |    pointer   |
|OUT_STREAM_TUSER   | out |    1|    axis    | OUT_STREAM_V_user_V |    pointer   |
|OUT_STREAM_TLAST   | out |    1|    axis    | OUT_STREAM_V_last_V |    pointer   |
|OUT_STREAM_TID     | out |    1|    axis    |  OUT_STREAM_V_id_V  |    pointer   |
|OUT_STREAM_TDEST   | out |    1|    axis    | OUT_STREAM_V_dest_V |    pointer   |
|OUT_STREAM_TVALID  | out |    1|    axis    | OUT_STREAM_V_dest_V |    pointer   |
|OUT_STREAM_TREADY  |  in |    1|    axis    | OUT_STREAM_V_dest_V |    pointer   |
|cols               |  in |   32|  ap_stable |         cols        |    scalar    |
|rows               |  in |   32|  ap_stable |         rows        |    scalar    |
|ap_clk             |  in |    1| ap_ctrl_hs |        toGray       | return value |
|ap_rst_n           |  in |    1| ap_ctrl_hs |        toGray       | return value |
|ap_start           |  in |    1| ap_ctrl_hs |        toGray       | return value |
|ap_done            | out |    1| ap_ctrl_hs |        toGray       | return value |
|ap_idle            | out |    1| ap_ctrl_hs |        toGray       | return value |
|ap_ready           | out |    1| ap_ctrl_hs |        toGray       | return value |
+-------------------+-----+-----+------------+---------------------+--------------+

