

================================================================
== Vivado HLS Report for 'toGray_Equalize'
================================================================
* Date:           Fri Jun 26 19:31:16 2015

* Version:        2014.4 (Build 1071461 on Tue Nov 18 16:42:57 PM 2014)
* Project:        grayScale_IP
* Solution:       solution1
* Product family: zynq
* Target device:  xc7z020clg484-1


================================================================
== Performance Estimates
================================================================
+ Timing (ns): 
    * Summary: 
    +---------+-------+----------+------------+
    |  Clock  | Target| Estimated| Uncertainty|
    +---------+-------+----------+------------+
    |default  |  10.00|      8.71|        1.25|
    +---------+-------+----------+------------+

+ Latency (clock cycles): 
    * Summary: 
    +-----+----------+-----+----------+---------+
    |     Latency    |    Interval    | Pipeline|
    | min |    max   | min |    max   |   Type  |
    +-----+----------+-----+----------+---------+
    |  553|  16785958|  553|  16785958|   none  |
    +-----+----------+-----+----------+---------+

    + Detail: 
        * Instance: 
        N/A

        * Loop: 
        +------------------+-----+----------+----------+-----------+-----------+----------+----------+
        |                  |     Latency    | Iteration|  Initiation Interval  |   Trip   |          |
        |     Loop Name    | min |    max   |  Latency |  achieved |   target  |   Count  | Pipelined|
        +------------------+-----+----------+----------+-----------+-----------+----------+----------+
        |- Loop 1          |  256|       256|         1|          -|          -|       256|    no    |
        |- loop_height     |    0|  16785405| 3 ~ 4099 |          -|          -| 0 ~ 4095 |    no    |
        | + loop_width     |    0|      4096|         3|          1|          1| 0 ~ 4095 |    yes   |
        |- loop_normalize  |  271|       271|        17|          1|          1|       256|    yes   |
        +------------------+-----+----------+----------+-----------+-----------+----------+----------+



================================================================
== Utilization Estimates
================================================================
* Summary: 
+-----------------+---------+-------+--------+-------+
|       Name      | BRAM_18K| DSP48E|   FF   |  LUT  |
+-----------------+---------+-------+--------+-------+
|Expression       |        -|      1|       0|   1661|
|FIFO             |        -|      -|       -|      -|
|Instance         |        -|      3|    1684|   2561|
|Memory           |        3|      -|       0|      0|
|Multiplexer      |        -|      -|       -|    192|
|Register         |        -|      -|     591|     10|
+-----------------+---------+-------+--------+-------+
|Total            |        3|      4|    2275|   4424|
+-----------------+---------+-------+--------+-------+
|Available        |      280|    220|  106400|  53200|
+-----------------+---------+-------+--------+-------+
|Utilization (%)  |        1|      1|       2|      8|
+-----------------+---------+-------+--------+-------+

+ Detail: 
    * Instance: 
    +----------------------------------------+------------------------------------+---------+-------+-----+-----+
    |                Instance                |               Module               | BRAM_18K| DSP48E|  FF | LUT |
    +----------------------------------------+------------------------------------+---------+-------+-----+-----+
    |toGray_fdiv_32ns_32ns_32_16_U21         |toGray_fdiv_32ns_32ns_32_16         |        0|      0|  761|  994|
    |toGray_fmul_32ns_32ns_32_4_max_dsp_U20  |toGray_fmul_32ns_32ns_32_4_max_dsp  |        0|      3|  143|  321|
    |toGray_fpext_32ns_64_1_U24              |toGray_fpext_32ns_64_1              |        0|      0|  100|  138|
    |toGray_sitofp_32ns_32_6_U23             |toGray_sitofp_32ns_32_6             |        0|      0|  340|  554|
    |toGray_uitofp_21ns_32_6_U22             |toGray_uitofp_21ns_32_6             |        0|      0|  340|  554|
    +----------------------------------------+------------------------------------+---------+-------+-----+-----+
    |Total                                   |                                    |        0|      3| 1684| 2561|
    +----------------------------------------+------------------------------------+---------+-------+-----+-----+

    * Memory: 
    +--------------+----------------------------+---------+---+----+------+-----+------+-------------+
    |    Memory    |           Module           | BRAM_18K| FF| LUT| Words| Bits| Banks| W*Bits*Banks|
    +--------------+----------------------------+---------+---+----+------+-----+------+-------------+
    |hist_out_V_U  |toGray_Equalize_hist_out_V  |        2|  0|   0|   256|   21|     1|         5376|
    |hls_lut_V_U   |toGray_Equalize_hls_lut_V   |        1|  0|   0|   256|    8|     1|         2048|
    +--------------+----------------------------+---------+---+----+------+-----+------+-------------+
    |Total         |                            |        3|  0|   0|   512|   29|     2|         7424|
    +--------------+----------------------------+---------+---+----+------+-----+------+-------------+

    * FIFO: 
    N/A

    * Expression: 
    +-------------------------------------+----------+-------+---+-----+------------+------------+
    |            Variable Name            | Operation| DSP48E| FF| LUT | Bitwidth P0| Bitwidth P1|
    +-------------------------------------+----------+-------+---+-----+------------+------------+
    |tmp_1_fu_381_p2                      |     *    |      1|  0|    0|          12|          12|
    |grp_fu_335_p2                        |     +    |      0|  0|   21|          21|           1|
    |i_2_fu_348_p2                        |     +    |      0|  0|    9|           9|           1|
    |i_3_fu_483_p2                        |     +    |      0|  0|    9|           9|           1|
    |i_4_fu_375_p2                        |     +    |      0|  0|   12|          12|           1|
    |j_2_fu_390_p2                        |     +    |      0|  0|   12|          12|           1|
    |p_2_fu_436_p2                        |     +    |      0|  0|   21|          21|           1|
    |p_Val2_9_fu_931_p2                   |     +    |      0|  0|    8|           8|           8|
    |p_s_fu_470_p2                        |     +    |      0|  0|   21|          21|           1|
    |pos1_fu_766_p2                       |     +    |      0|  0|   12|          12|           4|
    |pos2_fu_775_p2                       |     +    |      0|  0|   12|          12|           4|
    |sum_V_fu_494_p2                      |     +    |      0|  0|   21|          21|          21|
    |tmp_16_i_fu_711_p2                   |     +    |      0|  0|   11|          11|           2|
    |F2_fu_587_p2                         |     -    |      0|  0|   12|          11|          12|
    |man_V_1_fu_575_p2                    |     -    |      0|  0|   54|           1|          54|
    |tmp_7_i_fu_617_p2                    |     -    |      0|  0|   12|           1|          12|
    |F2_2_fu_622_p3                       |  Select  |      0|  0|   12|           1|          12|
    |Range1_all_ones_2_i_i_fu_1071_p3     |  Select  |      0|  0|    1|           1|           1|
    |Range1_all_zeros_2_i_i_fu_1086_p3    |  Select  |      0|  0|    1|           1|           1|
    |Range2_all_ones_1_i_i_fu_1034_p3     |  Select  |      0|  0|    1|           1|           1|
    |data_0_V_3_fu_422_p3                 |  Select  |      0|  0|   21|           1|          21|
    |deleted_zeros_fu_1094_p3             |  Select  |      0|  0|    1|           1|           1|
    |p_Val2_10_fu_989_p3                  |  Select  |      0|  0|    8|           1|           8|
    |p_Val2_12_0_i_mux_i_fu_1172_p3       |  Select  |      0|  0|    8|           1|           8|
    |p_Val2_8_fu_698_p3                   |  Select  |      0|  0|    8|           1|           8|
    |p_Val2_s_fu_607_p3                   |  Select  |      0|  0|   54|           1|          54|
    |p_i_fu_677_p3                        |  Select  |      0|  0|    2|           1|           2|
    |qb_fu_728_p3                         |  Select  |      0|  0|    1|           1|           1|
    |sel_tmp35_i_fu_1065_p3               |  Select  |      0|  0|    1|           1|           1|
    |sel_tmp39_i_fu_1079_p3               |  Select  |      0|  0|    1|           1|           1|
    |sel_tmp4_i_fu_954_p3                 |  Select  |      0|  0|    8|           1|           8|
    |sel_tmp52_i_fu_1184_p3               |  Select  |      0|  0|    8|           1|           1|
    |sel_tmp9_i_fu_971_p3                 |  Select  |      0|  0|    8|           1|           8|
    |sel_tmp_i_fu_743_p3                  |  Select  |      0|  0|    8|           1|           8|
    |underflow_fu_1144_p3                 |  Select  |      0|  0|    1|           1|           1|
    |val_V_fu_1202_p3                     |  Select  |      0|  0|    8|           1|           8|
    |Range1_all_ones_1_fu_1026_p2         |    and   |      0|  0|    1|           1|           1|
    |Range1_all_ones_2_i_i_34_fu_1102_p2  |    and   |      0|  0|    1|           1|           1|
    |Range1_all_ones_fu_1044_p2           |    and   |      0|  0|    1|           1|           1|
    |ap_sig_bdd_1298                      |    and   |      0|  0|    1|           1|           1|
    |ap_sig_bdd_141                       |    and   |      0|  0|    1|           1|           1|
    |ap_sig_bdd_153                       |    and   |      0|  0|    1|           1|           1|
    |brmerge_i_i_not_i_fu_1156_p2         |    and   |      0|  0|    1|           1|           1|
    |carry_1_i_i_fu_1012_p2               |    and   |      0|  0|    1|           1|           1|
    |or_cond91_i_i_fu_1030_p2             |    and   |      0|  0|    1|           1|           1|
    |or_cond93_i_i_fu_1040_p2             |    and   |      0|  0|    1|           1|           1|
    |p_98_i_i_fu_1056_p2                  |    and   |      0|  0|    1|           1|           1|
    |sel_tmp13_i_fu_984_p2                |    and   |      0|  0|    1|           1|           1|
    |sel_tmp2_i_fu_755_p2                 |    and   |      0|  0|    1|           1|           1|
    |sel_tmp34_i_fu_896_p2                |    and   |      0|  0|    1|           1|           1|
    |sel_tmp3_i_fu_950_p2                 |    and   |      0|  0|    1|           1|           1|
    |sel_tmp46_i_fu_1119_p2               |    and   |      0|  0|    1|           1|           1|
    |sel_tmp47_i_fu_1124_p2               |    and   |      0|  0|    1|           1|           1|
    |sel_tmp50_i_demorgan_fu_902_p2       |    and   |      0|  0|    1|           1|           1|
    |sel_tmp51_i_fu_912_p2                |    and   |      0|  0|    1|           1|           1|
    |sel_tmp56_i_fu_1196_p2               |    and   |      0|  0|    1|           1|           1|
    |sel_tmp8_i_fu_966_p2                 |    and   |      0|  0|    1|           1|           1|
    |tmp2_fu_1006_p2                      |    and   |      0|  0|    1|           1|           1|
    |tmp3_fu_818_p2                       |    and   |      0|  0|    1|           1|           1|
    |tmp4_fu_1113_p2                      |    and   |      0|  0|    1|           1|           1|
    |tmp_demorgan_i_fu_603_p2             |    and   |      0|  0|    1|           1|           1|
    |tmp_11_i_fu_667_p2                   |   ashr   |      0|  0|  160|          54|          54|
    |tmp_22_i_fu_808_p2                   |   ashr   |      0|  0|  160|          54|          54|
    |Range1_all_zeros_1_fu_878_p2         |   icmp   |      0|  0|   68|          54|           1|
    |Range2_all_ones_fu_860_p2            |   icmp   |      0|  0|   68|          54|          54|
    |exitcond4_fu_342_p2                  |   icmp   |      0|  0|   11|           9|          10|
    |exitcond5_fu_370_p2                  |   icmp   |      0|  0|   14|          12|          12|
    |exitcond6_fu_385_p2                  |   icmp   |      0|  0|   14|          12|          12|
    |exitcond_fu_477_p2                   |   icmp   |      0|  0|   11|           9|          10|
    |icmp_fu_657_p2                       |   icmp   |      0|  0|    9|           9|           1|
    |tmp_10_fu_402_p2                     |   icmp   |      0|  0|   14|          12|           1|
    |tmp_13_fu_417_p2                     |   icmp   |      0|  0|    8|           8|           8|
    |tmp_15_i_fu_706_p2                   |   icmp   |      0|  0|   14|          12|           6|
    |tmp_19_i_fu_784_p2                   |   icmp   |      0|  0|   14|          12|           6|
    |tmp_24_i_fu_838_p2                   |   icmp   |      0|  0|   14|          12|           6|
    |tmp_26_i_fu_866_p2                   |   icmp   |      0|  0|   68|          54|           1|
    |tmp_28_i_fu_872_p2                   |   icmp   |      0|  0|   14|          12|           6|
    |tmp_4_i_fu_581_p2                    |   icmp   |      0|  0|   80|          63|           1|
    |tmp_6_i_fu_612_p2                    |   icmp   |      0|  0|   14|          12|           1|
    |tmp_8_i_fu_597_p2                    |   icmp   |      0|  0|   13|          11|          11|
    |tmp_i_fu_641_p2                      |   icmp   |      0|  0|   14|          12|           6|
    |tmp_i_i_33_fu_523_p2                 |   icmp   |      0|  0|   29|          23|           1|
    |tmp_i_i_fu_517_p2                    |   icmp   |      0|  0|    8|           8|           2|
    |Range2_V_1_fu_848_p2                 |   lshr   |      0|  0|  160|          54|          54|
    |r_V_fu_854_p2                        |   lshr   |      0|  0|  160|           2|          54|
    |ap_sig_bdd_88                        |    or    |      0|  0|    1|           1|           1|
    |brmerge_i_fu_1166_p2                 |    or    |      0|  0|    1|           1|           1|
    |not_sel_tmp28_i_fu_1001_p2           |    or    |      0|  0|    1|           1|           1|
    |p_95_i_i_fu_1061_p2                  |    or    |      0|  0|    1|           1|           1|
    |p_97_demorgan_i_i_fu_1133_p2         |    or    |      0|  0|    1|           1|           1|
    |sel_tmp12_demorgan_i_fu_761_p2       |    or    |      0|  0|    1|           1|           1|
    |sel_tmp33_i_fu_890_p2                |    or    |      0|  0|    1|           1|           1|
    |sel_tmp55_demorgan_i_fu_923_p2       |    or    |      0|  0|    1|           1|           1|
    |tmp5_fu_1128_p2                      |    or    |      0|  0|    1|           1|           1|
    |tmp_12_fu_1179_p2                    |    or    |      0|  0|    1|           1|           1|
    |tmp_7_fu_917_p2                      |    or    |      0|  0|    1|           1|           1|
    |tmp_9_fu_396_p2                      |    or    |      0|  0|   14|          12|          12|
    |tmp_13_i_fu_688_p2                   |    shl   |      0|  0|   34|          15|          15|
    |Range1_all_zeros_fu_1050_p2          |    xor   |      0|  0|    2|           1|           2|
    |p_97_demorgan_i_not_i_fu_1161_p2     |    xor   |      0|  0|    2|           1|           2|
    |rev1_fu_832_p2                       |    xor   |      0|  0|    2|           1|           2|
    |rev_fu_798_p2                        |    xor   |      0|  0|    2|           1|           2|
    |sel_tmp12_i_fu_979_p2                |    xor   |      0|  0|    2|           1|           2|
    |sel_tmp1_i_fu_750_p2                 |    xor   |      0|  0|    2|           1|           2|
    |sel_tmp41_i_fu_1108_p2               |    xor   |      0|  0|    2|           1|           2|
    |sel_tmp50_i_fu_906_p2                |    xor   |      0|  0|    2|           1|           2|
    |sel_tmp55_i_fu_1191_p2               |    xor   |      0|  0|    2|           1|           2|
    |sel_tmp7_i_fu_961_p2                 |    xor   |      0|  0|    2|           1|           2|
    |tmp_18_i_fu_944_p2                   |    xor   |      0|  0|    2|           1|           2|
    |tmp_24_i_not_fu_884_p2               |    xor   |      0|  0|    2|           1|           2|
    |tmp_29_i_fu_1139_p2                  |    xor   |      0|  0|    2|           1|           2|
    |tmp_5_not_i_fu_996_p2                |    xor   |      0|  0|    2|           1|           2|
    |underflow_not_i_fu_1150_p2           |    xor   |      0|  0|    2|           1|           2|
    +-------------------------------------+----------+-------+---+-----+------------+------------+
    |Total                                |          |      1|  0| 1661|         866|         755|
    +-------------------------------------+----------+-------+---+-----+------------+------------+

    * Multiplexer: 
    +--------------------------+----+-----------+-----+-----------+
    |           Name           | LUT| Input Size| Bits| Total Bits|
    +--------------------------+----+-----------+-----+-----------+
    |ap_NS_fsm                 |  24|         30|    1|         30|
    |ap_reg_ppiten_pp0_it2     |   1|          2|    1|          2|
    |ap_reg_ppiten_pp1_it16    |   1|          2|    1|          2|
    |data_0_V_7_phi_fu_284_p4  |  21|          3|   21|         63|
    |hist_out_V_address0       |   8|          4|    8|         32|
    |hist_out_V_address1       |   8|          3|    8|         24|
    |hist_out_V_d1             |  21|          3|   21|         63|
    |hls_lut_V_address0        |   8|          5|    8|         40|
    |hls_lut_V_d0              |   8|          3|    8|         24|
    |i2_reg_258                |  12|          2|   12|         24|
    |i3_reg_302                |   9|          2|    9|         18|
    |i_reg_247                 |   9|          2|    9|         18|
    |j_reg_270                 |  12|          2|   12|         24|
    |p_5_phi_fu_294_p4         |  21|          2|   21|         42|
    |p_5_reg_290               |  21|          2|   21|         42|
    |tmp_16_fu_136             |   8|          2|    8|         16|
    +--------------------------+----+-----------+-----+-----------+
    |Total                     | 192|         69|  169|        464|
    +--------------------------+----+-----------+-----+-----------+

    * Register: 
    +-----------------------------------------------------+----+----+-----+-----------+
    |                         Name                        | FF | LUT| Bits| Const Bits|
    +-----------------------------------------------------+----+----+-----+-----------+
    |F2_reg_1396                                          |  12|   0|   12|          0|
    |Range1_all_ones_2_i_i_34_reg_1530                    |   1|   0|    1|          0|
    |Range1_all_zeros_1_reg_1503                          |   1|   0|    1|          0|
    |Range2_all_ones_reg_1493                             |   1|   0|    1|          0|
    |ap_CS_fsm                                            |  29|   0|   29|          0|
    |ap_done_reg                                          |   1|   0|    1|          0|
    |ap_reg_ppiten_pp0_it0                                |   1|   0|    1|          0|
    |ap_reg_ppiten_pp0_it1                                |   1|   0|    1|          0|
    |ap_reg_ppiten_pp0_it2                                |   1|   0|    1|          0|
    |ap_reg_ppiten_pp1_it0                                |   1|   0|    1|          0|
    |ap_reg_ppiten_pp1_it1                                |   1|   0|    1|          0|
    |ap_reg_ppiten_pp1_it10                               |   1|   0|    1|          0|
    |ap_reg_ppiten_pp1_it11                               |   1|   0|    1|          0|
    |ap_reg_ppiten_pp1_it12                               |   1|   0|    1|          0|
    |ap_reg_ppiten_pp1_it13                               |   1|   0|    1|          0|
    |ap_reg_ppiten_pp1_it14                               |   1|   0|    1|          0|
    |ap_reg_ppiten_pp1_it15                               |   1|   0|    1|          0|
    |ap_reg_ppiten_pp1_it16                               |   1|   0|    1|          0|
    |ap_reg_ppiten_pp1_it2                                |   1|   0|    1|          0|
    |ap_reg_ppiten_pp1_it3                                |   1|   0|    1|          0|
    |ap_reg_ppiten_pp1_it4                                |   1|   0|    1|          0|
    |ap_reg_ppiten_pp1_it5                                |   1|   0|    1|          0|
    |ap_reg_ppiten_pp1_it6                                |   1|   0|    1|          0|
    |ap_reg_ppiten_pp1_it7                                |   1|   0|    1|          0|
    |ap_reg_ppiten_pp1_it8                                |   1|   0|    1|          0|
    |ap_reg_ppiten_pp1_it9                                |   1|   0|    1|          0|
    |ap_reg_ppstg_exitcond6_reg_1273_pp0_it1              |   1|   0|    1|          0|
    |ap_reg_ppstg_isneg_reg_1370_pp1_it13                 |   1|   0|    1|          0|
    |ap_reg_ppstg_sel_tmp55_demorgan_i_reg_1519_pp1_it14  |   1|   0|    1|          0|
    |ap_reg_ppstg_tmp_10_reg_1282_pp0_it1                 |   1|   0|    1|          0|
    |ap_reg_ppstg_tmp_7_reg_1514_pp1_it14                 |   1|   0|    1|          0|
    |cols_cast7_reg_1249                                  |  12|   0|   24|         12|
    |data_0_V_4_fu_140                                    |  21|   0|   21|          0|
    |data_0_V_5_fu_144                                    |  21|   0|   21|          0|
    |exitcond6_reg_1273                                   |   1|   0|    1|          0|
    |exitcond_reg_1322                                    |   1|   0|    1|          0|
    |i2_reg_258                                           |  12|   0|   12|          0|
    |i3_reg_302                                           |   9|   0|    9|          0|
    |i_4_reg_1263                                         |  12|   0|   12|          0|
    |i_reg_247                                            |   9|   0|    9|          0|
    |icmp_reg_1418                                        |   1|   0|    1|          0|
    |isneg_reg_1370                                       |   1|   0|    1|          0|
    |j_reg_270                                            |  12|   0|   12|          0|
    |man_V_1_reg_1385                                     |  54|   0|   54|          0|
    |p_5_reg_290                                          |  21|   0|   21|          0|
    |p_97_demorgan_i_i_reg_1545                           |   1|   0|    1|          0|
    |p_Result_s_reg_1380                                  |  52|   0|   54|          2|
    |p_Val2_10_reg_1524                                   |   8|   0|    8|          0|
    |p_Val2_8_reg_1429                                    |   8|   0|    8|          0|
    |qb_reg_1434                                          |   1|   0|    1|          0|
    |rev1_reg_1481                                        |   1|   0|    1|          0|
    |rev_reg_1469                                         |   1|   0|    1|          0|
    |rows_cast6_reg_1254                                  |  12|   0|   24|         12|
    |scale_reg_1317                                       |  32|   0|   32|          0|
    |sel_tmp12_demorgan_i_reg_1456                        |   1|   0|    1|          0|
    |sel_tmp2_i_reg_1450                                  |   1|   0|    1|          0|
    |sel_tmp34_i_reg_1508                                 |   1|   0|    1|          0|
    |sel_tmp46_i_reg_1535                                 |   1|   0|    1|          0|
    |sel_tmp47_i_reg_1540                                 |   1|   0|    1|          0|
    |sel_tmp55_demorgan_i_reg_1519                        |   1|   0|    1|          0|
    |sel_tmp_i_reg_1445                                   |   8|   0|    8|          0|
    |sum_V_reg_1341                                       |  21|   0|   21|          0|
    |tmp3_reg_1476                                        |   1|   0|    1|          0|
    |tmp_10_reg_1282                                      |   1|   0|    1|          0|
    |tmp_16_fu_136                                        |   8|   0|    8|          0|
    |tmp_19_i_reg_1462                                    |   1|   0|    1|          0|
    |tmp_1_reg_1268                                       |  24|   0|   24|          0|
    |tmp_23_reg_1406                                      |  11|   0|   11|          0|
    |tmp_24_i_reg_1487                                    |   1|   0|    1|          0|
    |tmp_26_i_reg_1498                                    |   1|   0|    1|          0|
    |tmp_27_reg_1424                                      |   8|   0|    8|          0|
    |tmp_29_reg_1439                                      |   1|   0|    1|          0|
    |tmp_2_reg_1307                                       |  32|   0|   32|          0|
    |tmp_37_reg_1286                                      |   8|   0|    8|          0|
    |tmp_4_i_reg_1390                                     |   1|   0|    1|          0|
    |tmp_5_reg_1331                                       |   9|   0|   64|         55|
    |tmp_6_reg_1347                                       |  32|   0|   32|          0|
    |tmp_7_reg_1514                                       |   1|   0|    1|          0|
    |tmp_8_i_reg_1411                                     |   1|   0|    1|          0|
    |tmp_i_i_33_reg_1364                                  |   1|   0|    1|          0|
    |tmp_i_i_reg_1358                                     |   1|   0|    1|          0|
    |v_assign_reg_1352                                    |  32|   0|   32|          0|
    |val_V_reg_1551                                       |   8|   0|    8|          0|
    |exitcond_reg_1322                                    |   0|   1|    1|          0|
    |tmp_5_reg_1331                                       |   0|   9|   64|         55|
    +-----------------------------------------------------+----+----+-----+-----------+
    |Total                                                | 591|  10|  737|        136|
    +-----------------------------------------------------+----+----+-----+-----------+



================================================================
== Interface
================================================================
* Summary: 
+-----------------------------+-----+-----+------------+---------------------+--------------+
|          RTL Ports          | Dir | Bits|  Protocol  |    Source Object    |    C Type    |
+-----------------------------+-----+-----+------------+---------------------+--------------+
|ap_clk                       |  in |    1| ap_ctrl_hs |   toGray_Equalize   | return value |
|ap_rst                       |  in |    1| ap_ctrl_hs |   toGray_Equalize   | return value |
|ap_start                     |  in |    1| ap_ctrl_hs |   toGray_Equalize   | return value |
|ap_done                      | out |    1| ap_ctrl_hs |   toGray_Equalize   | return value |
|ap_continue                  |  in |    1| ap_ctrl_hs |   toGray_Equalize   | return value |
|ap_idle                      | out |    1| ap_ctrl_hs |   toGray_Equalize   | return value |
|ap_ready                     | out |    1| ap_ctrl_hs |   toGray_Equalize   | return value |
|p_src_rows_V_read            |  in |   12|   ap_none  |  p_src_rows_V_read  |    scalar    |
|p_src_cols_V_read            |  in |   12|   ap_none  |  p_src_cols_V_read  |    scalar    |
|p_src_data_stream_V_dout     |  in |    8|   ap_fifo  | p_src_data_stream_V |    pointer   |
|p_src_data_stream_V_empty_n  |  in |    1|   ap_fifo  | p_src_data_stream_V |    pointer   |
|p_src_data_stream_V_read     | out |    1|   ap_fifo  | p_src_data_stream_V |    pointer   |
|p_dst_data_stream_V_din      | out |    8|   ap_fifo  | p_dst_data_stream_V |    pointer   |
|p_dst_data_stream_V_full_n   |  in |    1|   ap_fifo  | p_dst_data_stream_V |    pointer   |
|p_dst_data_stream_V_write    | out |    1|   ap_fifo  | p_dst_data_stream_V |    pointer   |
+-----------------------------+-----+-----+------------+---------------------+--------------+

