

================================================================
== Vivado HLS Report for 'toGray_CvtColor'
================================================================
* Date:           Fri Jun 26 19:31:14 2015

* Version:        2014.4 (Build 1071461 on Tue Nov 18 16:42:57 PM 2014)
* Project:        grayScale_IP
* Solution:       solution1
* Product family: zynq
* Target device:  xc7z020clg484-1


================================================================
== Performance Estimates
================================================================
+ Timing (ns): 
    * Summary: 
    +---------+-------+----------+------------+
    |  Clock  | Target| Estimated| Uncertainty|
    +---------+-------+----------+------------+
    |default  |  10.00|      8.08|        1.25|
    +---------+-------+----------+------------+

+ Latency (clock cycles): 
    * Summary: 
    +-----+---------+-----+---------+---------+
    |    Latency    |    Interval   | Pipeline|
    | min |   max   | min |   max   |   Type  |
    +-----+---------+-----+---------+---------+
    |    1|  2080081|    1|  2080081|   none  |
    +-----+---------+-----+---------+---------+

    + Detail: 
        * Instance: 
        N/A

        * Loop: 
        +---------------+-----+---------+----------+-----------+-----------+----------+----------+
        |               |    Latency    | Iteration|  Initiation Interval  |   Trip   |          |
        |   Loop Name   | min |   max   |  Latency |  achieved |   target  |   Count  | Pipelined|
        +---------------+-----+---------+----------+-----------+-----------+----------+----------+
        |- loop_height  |    0|  2080080| 3 ~ 1926 |          -|          -| 0 ~ 1080 |    no    |
        | + loop_width  |    0|     1923|         5|          1|          1| 0 ~ 1920 |    yes   |
        +---------------+-----+---------+----------+-----------+-----------+----------+----------+



================================================================
== Utilization Estimates
================================================================
* Summary: 
+-----------------+---------+-------+--------+-------+
|       Name      | BRAM_18K| DSP48E|   FF   |  LUT  |
+-----------------+---------+-------+--------+-------+
|Expression       |        -|      -|       -|      -|
|FIFO             |        -|      -|       -|      -|
|Instance         |        -|      -|       -|      -|
|Memory           |        -|      -|       -|      -|
|Multiplexer      |        -|      -|       -|      -|
|Register         |        -|      -|       -|      -|
+-----------------+---------+-------+--------+-------+
|Total            |        0|      0|       0|      0|
+-----------------+---------+-------+--------+-------+
|Available        |      280|    220|  106400|  53200|
+-----------------+---------+-------+--------+-------+
|Utilization (%)  |        0|      0|       0|      0|
+-----------------+---------+-------+--------+-------+

+ Detail: 
    * Instance: 
    N/A

    * Memory: 
    N/A

    * FIFO: 
    N/A

    * Expression: 
    N/A

    * Multiplexer: 
    N/A

    * Register: 
    N/A



================================================================
== Interface
================================================================
* Summary: 
N/A

============================================================
+ Verbose Summary: Synthesis Manager
============================================================
InlineROM: 1
ExposeGlobal: 0
============================================================
+ Verbose Summary: CDFG Model
============================================================
IsTopModel: 0
ResetActiveHigh: 1
IsCombinational: 2
IsDatapathOnly: 0
HasWiredReturn: 1
HasMFsm: 0
HasVarLatency: 1
IsPipeline: 0
IsRtlPipelined: 0
IsInstanceOverlapped: 0
IsDontTouch: 0
HasImplIP: 0
IsGatedGlobalClock: 0

+ Individual pipeline summary: 
  * Pipeline-0: initiation interval (II) = 1, depth = 5


============================================================
+ Verbose Summary: Schedule
============================================================
* Number of FSM states: 8
* Pipeline: 1
  Pipeline-0: II = 1, D = 5, States = { 3 4 5 6 7 }
* Dataflow Pipeline: 0

* FSM state transitions: 
1 --> 
	2  / true
2 --> 
	3  / (!exitcond2)
3 --> 
	8  / (exitcond)
	4  / (!exitcond)
4 --> 
	5  / true
5 --> 
	6  / true
6 --> 
	7  / true
7 --> 
	3  / true
8 --> 
	2  / true
* FSM state operations: 

 <State 1>: 1.57ns
ST_1: stg_9 [1/1] 0.00ns
ap_fixed_base.exit27.i.i:0  call void (...)* @_ssdm_op_SpecInterface(i8* %p_dst_data_stream_V, [8 x i8]* @str86, i32 0, i32 0, i32 0, i32 0, [1 x i8]* @str87, [1 x i8]* @str87, [8 x i8]* @str86)

ST_1: stg_10 [1/1] 0.00ns
ap_fixed_base.exit27.i.i:1  call void (...)* @_ssdm_op_SpecInterface(i8* %p_src_data_stream_2_V, [8 x i8]* @str82, i32 0, i32 0, i32 0, i32 0, [1 x i8]* @str83, [1 x i8]* @str83, [8 x i8]* @str82)

ST_1: stg_11 [1/1] 0.00ns
ap_fixed_base.exit27.i.i:2  call void (...)* @_ssdm_op_SpecInterface(i8* %p_src_data_stream_1_V, [8 x i8]* @str78, i32 0, i32 0, i32 0, i32 0, [1 x i8]* @str79, [1 x i8]* @str79, [8 x i8]* @str78)

ST_1: stg_12 [1/1] 0.00ns
ap_fixed_base.exit27.i.i:3  call void (...)* @_ssdm_op_SpecInterface(i8* %p_src_data_stream_0_V, [8 x i8]* @str74, i32 0, i32 0, i32 0, i32 0, [1 x i8]* @str75, [1 x i8]* @str75, [8 x i8]* @str74)

ST_1: p_src_cols_V_read_1 [1/1] 0.00ns
ap_fixed_base.exit27.i.i:4  %p_src_cols_V_read_1 = call i12 @_ssdm_op_Read.ap_auto.i12(i12 %p_src_cols_V_read)

ST_1: p_src_rows_V_read_1 [1/1] 0.00ns
ap_fixed_base.exit27.i.i:5  %p_src_rows_V_read_1 = call i12 @_ssdm_op_Read.ap_auto.i12(i12 %p_src_rows_V_read)

ST_1: stg_15 [1/1] 1.57ns
ap_fixed_base.exit27.i.i:6  br label %._crit_edge3


 <State 2>: 2.14ns
ST_2: i [1/1] 0.00ns
._crit_edge3:0  %i = phi i11 [ %i_1, %2 ], [ 0, %ap_fixed_base.exit27.i.i ]

ST_2: i_cast [1/1] 0.00ns
._crit_edge3:1  %i_cast = zext i11 %i to i12

ST_2: exitcond2 [1/1] 2.14ns
._crit_edge3:2  %exitcond2 = icmp eq i12 %i_cast, %p_src_rows_V_read_1

ST_2: stg_19 [1/1] 0.00ns
._crit_edge3:3  call void (...)* @_ssdm_op_SpecLoopTripCount(i64 0, i64 1080, i64 0)

ST_2: i_1 [1/1] 1.84ns
._crit_edge3:4  %i_1 = add i11 %i, 1

ST_2: stg_21 [1/1] 0.00ns
._crit_edge3:5  br i1 %exitcond2, label %3, label %0

ST_2: stg_22 [1/1] 0.00ns
:0  call void (...)* @_ssdm_op_SpecLoopName([12 x i8]* @p_str1813) nounwind

ST_2: tmp_7 [1/1] 0.00ns
:1  %tmp_7 = call i32 (...)* @_ssdm_op_SpecRegionBegin([12 x i8]* @p_str1813)

ST_2: stg_24 [1/1] 1.57ns
:2  br label %1

ST_2: stg_25 [1/1] 0.00ns
:0  ret void


 <State 3>: 2.14ns
ST_3: j [1/1] 0.00ns
:0  %j = phi i11 [ 0, %0 ], [ %j_1, %"operator>>.exit_ifconv" ]

ST_3: j_cast [1/1] 0.00ns
:1  %j_cast = zext i11 %j to i12

ST_3: exitcond [1/1] 2.14ns
:2  %exitcond = icmp eq i12 %j_cast, %p_src_cols_V_read_1

ST_3: stg_29 [1/1] 0.00ns
:3  call void (...)* @_ssdm_op_SpecLoopTripCount(i64 0, i64 1920, i64 0)

ST_3: j_1 [1/1] 1.84ns
:4  %j_1 = add i11 %j, 1

ST_3: stg_31 [1/1] 0.00ns
:5  br i1 %exitcond, label %2, label %"operator>>.exit_ifconv"


 <State 4>: 8.08ns
ST_4: tmp_9 [1/1] 0.00ns
operator>>.exit_ifconv:3  %tmp_9 = call i32 (...)* @_ssdm_op_SpecRegionBegin([13 x i8]* @p_str1818)

ST_4: stg_33 [1/1] 0.00ns
operator>>.exit_ifconv:4  call void (...)* @_ssdm_op_SpecProtocol(i32 0, [1 x i8]* @p_str1805) nounwind

ST_4: tmp_13 [1/1] 1.70ns
operator>>.exit_ifconv:5  %tmp_13 = call i8 @_ssdm_op_Read.ap_fifo.volatile.i8P(i8* %p_src_data_stream_0_V)

ST_4: tmp_14 [1/1] 1.70ns
operator>>.exit_ifconv:6  %tmp_14 = call i8 @_ssdm_op_Read.ap_fifo.volatile.i8P(i8* %p_src_data_stream_1_V)

ST_4: tmp_15 [1/1] 1.70ns
operator>>.exit_ifconv:7  %tmp_15 = call i8 @_ssdm_op_Read.ap_fifo.volatile.i8P(i8* %p_src_data_stream_2_V)

ST_4: empty [1/1] 0.00ns
operator>>.exit_ifconv:8  %empty = call i32 (...)* @_ssdm_op_SpecRegionEnd([13 x i8]* @p_str1818, i32 %tmp_9)

ST_4: OP2_V_2_i_cast [1/1] 0.00ns
operator>>.exit_ifconv:13  %OP2_V_2_i_cast = zext i8 %tmp_15 to i31

ST_4: r_V_4_i [1/1] 6.38ns
operator>>.exit_ifconv:14  %r_V_4_i = mul i31 %OP2_V_2_i_cast, 5016387


 <State 5>: 6.38ns
ST_5: OP2_V_i_cast [1/1] 0.00ns
operator>>.exit_ifconv:9  %OP2_V_i_cast = zext i8 %tmp_13 to i30

ST_5: r_V [1/1] 3.36ns
operator>>.exit_ifconv:10  %r_V = mul i30 %OP2_V_i_cast, 1912602

ST_5: tmp1_i_cast [1/1] 0.00ns
operator>>.exit_ifconv:15  %tmp1_i_cast = zext i30 %r_V to i31

ST_5: p_Val2_1 [1/1] 3.02ns
operator>>.exit_ifconv:16  %p_Val2_1 = add i31 %r_V_4_i, %tmp1_i_cast

ST_5: tmp_i_cast [1/1] 0.00ns
operator>>.exit_ifconv:17  %tmp_i_cast = zext i31 %p_Val2_1 to i32


 <State 6>: 6.38ns
ST_6: OP2_V_1_i [1/1] 0.00ns
operator>>.exit_ifconv:11  %OP2_V_1_i = zext i8 %tmp_14 to i32

ST_6: r_V_3_i [1/1] 3.36ns
operator>>.exit_ifconv:12  %r_V_3_i = mul i32 %OP2_V_1_i, 9848225

ST_6: r_V_1 [1/1] 3.02ns
operator>>.exit_ifconv:18  %r_V_1 = add i32 %r_V_3_i, %tmp_i_cast

ST_6: p_Val2_3 [1/1] 0.00ns
operator>>.exit_ifconv:19  %p_Val2_3 = call i8 @_ssdm_op_PartSelect.i8.i32.i32.i32(i32 %r_V_1, i32 24, i32 31)

ST_6: tmp [1/1] 0.00ns
operator>>.exit_ifconv:20  %tmp = call i1 @_ssdm_op_BitSelect.i1.i32.i32(i32 %r_V_1, i32 23)

ST_6: tmp_10 [1/1] 0.00ns
operator>>.exit_ifconv:22  %tmp_10 = call i1 @_ssdm_op_BitSelect.i1.i32.i32(i32 %r_V_1, i32 31)


 <State 7>: 6.16ns
ST_7: stg_51 [1/1] 0.00ns
operator>>.exit_ifconv:0  call void (...)* @_ssdm_op_SpecLoopName([11 x i8]* @p_str1814) nounwind

ST_7: tmp_8 [1/1] 0.00ns
operator>>.exit_ifconv:1  %tmp_8 = call i32 (...)* @_ssdm_op_SpecRegionBegin([11 x i8]* @p_str1814)

ST_7: stg_53 [1/1] 0.00ns
operator>>.exit_ifconv:2  call void (...)* @_ssdm_op_SpecPipeline(i32 1, i32 1, i32 1, i32 0, [1 x i8]* @p_str1805) nounwind

ST_7: tmp_38_i_i_i [1/1] 0.00ns
operator>>.exit_ifconv:21  %tmp_38_i_i_i = zext i1 %tmp to i8

ST_7: p_Val2_4 [1/1] 1.72ns
operator>>.exit_ifconv:23  %p_Val2_4 = add i8 %p_Val2_3, %tmp_38_i_i_i

ST_7: tmp_11 [1/1] 0.00ns
operator>>.exit_ifconv:24  %tmp_11 = call i1 @_ssdm_op_BitSelect.i1.i8.i32(i8 %p_Val2_4, i32 7)

ST_7: p_Result_1_i_i_i_not [1/1] 1.37ns
operator>>.exit_ifconv:25  %p_Result_1_i_i_i_not = xor i1 %tmp_10, true

ST_7: not_carry [1/1] 1.37ns
operator>>.exit_ifconv:26  %not_carry = or i1 %tmp_11, %p_Result_1_i_i_i_not

ST_7: p_Val2_s [1/1] 1.37ns
operator>>.exit_ifconv:27  %p_Val2_s = select i1 %not_carry, i8 %p_Val2_4, i8 -1

ST_7: tmp_s [1/1] 0.00ns
operator>>.exit_ifconv:28  %tmp_s = call i32 (...)* @_ssdm_op_SpecRegionBegin([13 x i8]* @p_str1825)

ST_7: stg_61 [1/1] 0.00ns
operator>>.exit_ifconv:29  call void (...)* @_ssdm_op_SpecProtocol(i32 0, [1 x i8]* @p_str1805) nounwind

ST_7: stg_62 [1/1] 1.70ns
operator>>.exit_ifconv:30  call void @_ssdm_op_Write.ap_fifo.volatile.i8P(i8* %p_dst_data_stream_V, i8 %p_Val2_s)

ST_7: empty_29 [1/1] 0.00ns
operator>>.exit_ifconv:31  %empty_29 = call i32 (...)* @_ssdm_op_SpecRegionEnd([13 x i8]* @p_str1825, i32 %tmp_s)

ST_7: empty_30 [1/1] 0.00ns
operator>>.exit_ifconv:32  %empty_30 = call i32 (...)* @_ssdm_op_SpecRegionEnd([11 x i8]* @p_str1814, i32 %tmp_8)

ST_7: stg_65 [1/1] 0.00ns
operator>>.exit_ifconv:33  br label %1


 <State 8>: 0.00ns
ST_8: empty_31 [1/1] 0.00ns
:0  %empty_31 = call i32 (...)* @_ssdm_op_SpecRegionEnd([12 x i8]* @p_str1813, i32 %tmp_7)

ST_8: stg_67 [1/1] 0.00ns
:1  br label %._crit_edge3



============================================================
+ Verbose Summary: Binding
============================================================
N/A
* FSMD analyzer results:
  - Output states:
  - Chain level:
	State 1
	State 2
	State 3
	State 4
	State 5
	State 6
	State 7
	State 8


============================================================
+ Verbose Summary: Datapath Resource usage 
============================================================
N/A
