

================================================================
== Vivado HLS Report for 'toGray_Mat2AXIvideo_8_1080_1920_0_s'
================================================================
* Date:           Fri Jun 26 19:31:15 2015

* Version:        2014.4 (Build 1071461 on Tue Nov 18 16:42:57 PM 2014)
* Project:        grayScale_IP
* Solution:       solution1
* Product family: zynq
* Target device:  xc7z020clg484-1


================================================================
== Performance Estimates
================================================================
+ Timing (ns): 
    * Summary: 
    +---------+-------+----------+------------+
    |  Clock  | Target| Estimated| Uncertainty|
    +---------+-------+----------+------------+
    |default  |  10.00|      2.18|        1.25|
    +---------+-------+----------+------------+

+ Latency (clock cycles): 
    * Summary: 
    +-----+---------+-----+---------+---------+
    |    Latency    |    Interval   | Pipeline|
    | min |   max   | min |   max   |   Type  |
    +-----+---------+-----+---------+---------+
    |    1|  2076841|    1|  2076841|   none  |
    +-----+---------+-----+---------+---------+

    + Detail: 
        * Instance: 
        N/A

        * Loop: 
        +---------------+-----+---------+----------+-----------+-----------+----------+----------+
        |               |    Latency    | Iteration|  Initiation Interval  |   Trip   |          |
        |   Loop Name   | min |   max   |  Latency |  achieved |   target  |   Count  | Pipelined|
        +---------------+-----+---------+----------+-----------+-----------+----------+----------+
        |- loop_height  |    0|  2076840| 3 ~ 1923 |          -|          -| 0 ~ 1080 |    no    |
        | + loop_width  |    0|     1920|         2|          1|          1| 0 ~ 1920 |    yes   |
        +---------------+-----+---------+----------+-----------+-----------+----------+----------+



================================================================
== Utilization Estimates
================================================================
* Summary: 
+-----------------+---------+-------+--------+-------+
|       Name      | BRAM_18K| DSP48E|   FF   |  LUT  |
+-----------------+---------+-------+--------+-------+
|Expression       |        -|      -|       -|      -|
|FIFO             |        -|      -|       -|      -|
|Instance         |        -|      -|       -|      -|
|Memory           |        -|      -|       -|      -|
|Multiplexer      |        -|      -|       -|      -|
|Register         |        -|      -|       -|      -|
+-----------------+---------+-------+--------+-------+
|Total            |        0|      0|       0|      0|
+-----------------+---------+-------+--------+-------+
|Available        |      280|    220|  106400|  53200|
+-----------------+---------+-------+--------+-------+
|Utilization (%)  |        0|      0|       0|      0|
+-----------------+---------+-------+--------+-------+

+ Detail: 
    * Instance: 
    N/A

    * Memory: 
    N/A

    * FIFO: 
    N/A

    * Expression: 
    N/A

    * Multiplexer: 
    N/A

    * Register: 
    N/A



================================================================
== Interface
================================================================
* Summary: 
N/A

============================================================
+ Verbose Summary: Synthesis Manager
============================================================
InlineROM: 1
ExposeGlobal: 0
============================================================
+ Verbose Summary: CDFG Model
============================================================
IsTopModel: 0
ResetActiveHigh: 1
IsCombinational: 2
IsDatapathOnly: 0
HasWiredReturn: 1
HasMFsm: 0
HasVarLatency: 1
IsPipeline: 0
IsRtlPipelined: 0
IsInstanceOverlapped: 0
IsDontTouch: 0
HasImplIP: 0
IsGatedGlobalClock: 0

+ Individual pipeline summary: 
  * Pipeline-0: initiation interval (II) = 1, depth = 2


============================================================
+ Verbose Summary: Schedule
============================================================
* Number of FSM states: 5
* Pipeline: 1
  Pipeline-0: II = 1, D = 2, States = { 3 4 }
* Dataflow Pipeline: 0

* FSM state transitions: 
1 --> 
	2  / true
2 --> 
	3  / (!exitcond3)
3 --> 
	5  / (exitcond)
	4  / (!exitcond)
4 --> 
	3  / true
5 --> 
	2  / true
* FSM state operations: 

 <State 1>: 1.84ns
ST_1: tmp_user_V [1/1] 0.00ns
:0  %tmp_user_V = alloca i1, align 1

ST_1: stg_7 [1/1] 0.00ns
:1  call void (...)* @_ssdm_op_SpecInterface(i1* %AXI_video_strm_V_dest_V, i1* %AXI_video_strm_V_id_V, i1* %AXI_video_strm_V_last_V, i1* %AXI_video_strm_V_user_V, i1* %AXI_video_strm_V_strb_V, i1* %AXI_video_strm_V_keep_V, i8* %AXI_video_strm_V_data_V, [5 x i8]* @p_str1806, i32 0, i32 0, i32 0, i32 0, [1 x i8]* @p_str1805, [1 x i8]* @p_str1805, [1 x i8]* @p_str1805)

ST_1: stg_8 [1/1] 0.00ns
:2  call void (...)* @_ssdm_op_SpecInterface(i8* %img_data_stream_V, [8 x i8]* @str90, i32 0, i32 0, i32 0, i32 0, [1 x i8]* @str91, [1 x i8]* @str91, [8 x i8]* @str90)

ST_1: img_cols_V_read_2 [1/1] 0.00ns
:3  %img_cols_V_read_2 = call i12 @_ssdm_op_Read.ap_auto.i12(i12 %img_cols_V_read)

ST_1: img_rows_V_read_2 [1/1] 0.00ns
:4  %img_rows_V_read_2 = call i12 @_ssdm_op_Read.ap_auto.i12(i12 %img_rows_V_read)

ST_1: tmp_cast [1/1] 0.00ns
:5  %tmp_cast = zext i12 %img_cols_V_read_2 to i13

ST_1: op2_assign [1/1] 1.84ns
:6  %op2_assign = add i13 %tmp_cast, -1

ST_1: stg_13 [1/1] 1.57ns
:7  store i1 true, i1* %tmp_user_V, align 1

ST_1: stg_14 [1/1] 1.57ns
:8  br label %1


 <State 2>: 2.14ns
ST_2: p_s [1/1] 0.00ns
:0  %p_s = phi i12 [ 0, %0 ], [ %i_V, %4 ]

ST_2: exitcond3 [1/1] 2.14ns
:1  %exitcond3 = icmp eq i12 %p_s, %img_rows_V_read_2

ST_2: i_V [1/1] 1.84ns
:2  %i_V = add i12 %p_s, 1

ST_2: stg_18 [1/1] 0.00ns
:3  br i1 %exitcond3, label %5, label %2

ST_2: stg_19 [1/1] 0.00ns
:0  call void (...)* @_ssdm_op_SpecLoopName([12 x i8]* @p_str1813) nounwind

ST_2: tmp_s [1/1] 0.00ns
:1  %tmp_s = call i32 (...)* @_ssdm_op_SpecRegionBegin([12 x i8]* @p_str1813)

ST_2: stg_21 [1/1] 0.00ns
:2  call void (...)* @_ssdm_op_SpecLoopTripCount(i32 0, i32 1080, i32 0, [1 x i8]* @p_str1805) nounwind

ST_2: stg_22 [1/1] 1.57ns
:3  br label %3

ST_2: stg_23 [1/1] 0.00ns
:0  ret void


 <State 3>: 2.18ns
ST_3: p_3 [1/1] 0.00ns
:0  %p_3 = phi i12 [ 0, %2 ], [ %j_V, %.critedge ]

ST_3: exitcond [1/1] 2.14ns
:1  %exitcond = icmp eq i12 %p_3, %img_cols_V_read_2

ST_3: j_V [1/1] 1.84ns
:2  %j_V = add i12 %p_3, 1

ST_3: stg_27 [1/1] 0.00ns
:3  br i1 %exitcond, label %4, label %.critedge

ST_3: tmp_cast_36 [1/1] 0.00ns
.critedge:5  %tmp_cast_36 = zext i12 %p_3 to i13

ST_3: axi_last_V [1/1] 2.18ns
.critedge:6  %axi_last_V = icmp eq i13 %tmp_cast_36, %op2_assign


 <State 4>: 1.70ns
ST_4: tmp_user_V_load [1/1] 0.00ns
.critedge:0  %tmp_user_V_load = load i1* %tmp_user_V, align 1

ST_4: stg_31 [1/1] 0.00ns
.critedge:1  call void (...)* @_ssdm_op_SpecLoopName([11 x i8]* @p_str1814) nounwind

ST_4: tmp_15 [1/1] 0.00ns
.critedge:2  %tmp_15 = call i32 (...)* @_ssdm_op_SpecRegionBegin([11 x i8]* @p_str1814)

ST_4: stg_33 [1/1] 0.00ns
.critedge:3  call void (...)* @_ssdm_op_SpecLoopTripCount(i32 0, i32 1920, i32 0, [1 x i8]* @p_str1805) nounwind

ST_4: stg_34 [1/1] 0.00ns
.critedge:4  call void (...)* @_ssdm_op_SpecPipeline(i32 1, i32 1, i32 1, i32 0, [1 x i8]* @p_str1805) nounwind

ST_4: tmp_16 [1/1] 0.00ns
.critedge:7  %tmp_16 = call i32 (...)* @_ssdm_op_SpecRegionBegin([13 x i8]* @p_str1818)

ST_4: stg_36 [1/1] 0.00ns
.critedge:8  call void (...)* @_ssdm_op_SpecProtocol(i32 0, [1 x i8]* @p_str1805) nounwind

ST_4: tmp [1/1] 1.70ns
.critedge:9  %tmp = call i8 @_ssdm_op_Read.ap_fifo.volatile.i8P(i8* %img_data_stream_V)

ST_4: empty [1/1] 0.00ns
.critedge:10  %empty = call i32 (...)* @_ssdm_op_SpecRegionEnd([13 x i8]* @p_str1818, i32 %tmp_16)

ST_4: stg_39 [1/1] 0.00ns
.critedge:11  call void (...)* @_ssdm_op_SpecLoopName([14 x i8]* @p_str1815) nounwind

ST_4: stg_40 [1/1] 0.00ns
.critedge:12  call void @_ssdm_op_Write.axis.volatile.i8P.i1P.i1P.i1P.i1P.i1P.i1P(i8* %AXI_video_strm_V_data_V, i1* %AXI_video_strm_V_keep_V, i1* %AXI_video_strm_V_strb_V, i1* %AXI_video_strm_V_user_V, i1* %AXI_video_strm_V_last_V, i1* %AXI_video_strm_V_id_V, i1* %AXI_video_strm_V_dest_V, i8 %tmp, i1 true, i1 undef, i1 %tmp_user_V_load, i1 %axi_last_V, i1 undef, i1 undef)

ST_4: empty_37 [1/1] 0.00ns
.critedge:13  %empty_37 = call i32 (...)* @_ssdm_op_SpecRegionEnd([11 x i8]* @p_str1814, i32 %tmp_15)

ST_4: stg_42 [1/1] 1.57ns
.critedge:14  store i1 false, i1* %tmp_user_V, align 1

ST_4: stg_43 [1/1] 0.00ns
.critedge:15  br label %3


 <State 5>: 0.00ns
ST_5: empty_38 [1/1] 0.00ns
:0  %empty_38 = call i32 (...)* @_ssdm_op_SpecRegionEnd([12 x i8]* @p_str1813, i32 %tmp_s)

ST_5: stg_45 [1/1] 0.00ns
:1  br label %1



============================================================
+ Verbose Summary: Binding
============================================================
N/A
* FSMD analyzer results:
  - Output states:
  - Chain level:
	State 1
	State 2
	State 3
	State 4
	State 5


============================================================
+ Verbose Summary: Datapath Resource usage 
============================================================
N/A
